2019-11-06 16:29:00,332 INFO o.a.j.u.JMeterUtils: Setting Locale to en_EN
2019-11-06 16:29:00,377 INFO o.a.j.JMeter: Loading user properties from: /usr/local/Cellar/jmeter/5.2/libexec/bin/user.properties
2019-11-06 16:29:00,378 INFO o.a.j.JMeter: Loading system properties from: /usr/local/Cellar/jmeter/5.2/libexec/bin/system.properties
2019-11-06 16:29:00,380 INFO o.a.j.JMeter: Copyright (c) 1998-2019 The Apache Software Foundation
2019-11-06 16:29:00,380 INFO o.a.j.JMeter: Version 5.2
2019-11-06 16:29:00,380 INFO o.a.j.JMeter: java.version=1.8.0_221
2019-11-06 16:29:00,380 INFO o.a.j.JMeter: java.vm.name=Java HotSpot(TM) 64-Bit Server VM
2019-11-06 16:29:00,380 INFO o.a.j.JMeter: os.name=Mac OS X
2019-11-06 16:29:00,380 INFO o.a.j.JMeter: os.arch=x86_64
2019-11-06 16:29:00,380 INFO o.a.j.JMeter: os.version=10.14.6
2019-11-06 16:29:00,380 INFO o.a.j.JMeter: file.encoding=UTF-8
2019-11-06 16:29:00,380 INFO o.a.j.JMeter: java.awt.headless=null
2019-11-06 16:29:00,380 INFO o.a.j.JMeter: Max memory     =1073741824
2019-11-06 16:29:00,381 INFO o.a.j.JMeter: Available Processors =8
2019-11-06 16:29:00,386 INFO o.a.j.JMeter: Default Locale=English (EN)
2019-11-06 16:29:00,386 INFO o.a.j.JMeter: JMeter  Locale=English (EN)
2019-11-06 16:29:00,386 INFO o.a.j.JMeter: JMeterHome=/usr/local/Cellar/jmeter/5.2/libexec
2019-11-06 16:29:00,386 INFO o.a.j.JMeter: user.dir  =/Users/chef/Desktop/microservices/simple-java-maven-app
2019-11-06 16:29:00,386 INFO o.a.j.JMeter: PWD       =/Users/chef/Desktop/microservices/simple-java-maven-app
2019-11-06 16:29:00,431 INFO o.a.j.JMeter: IP: 172.16.0.207 Name: Chriss-MacBook-Pro.local FullName: 172.16.0.207
2019-11-06 16:29:02,189 INFO o.a.j.g.a.LookAndFeelCommand: Installing Darcula LAF
2019-11-06 16:29:02,206 INFO o.a.j.g.a.LookAndFeelCommand: Using look and feel: com.bulenkov.darcula.DarculaLaf [Darcula]
2019-11-06 16:29:02,207 INFO o.a.j.JMeter: Setting LAF to: com.bulenkov.darcula.DarculaLaf
2019-11-06 16:29:02,319 INFO o.a.j.JMeter: Loaded icon properties from org/apache/jmeter/images/icon.properties
2019-11-06 16:29:04,383 INFO k.a.j.JMeterPluginsUtils: JMeter-Plugins.org v.1.4.0
2019-11-06 16:29:04,862 WARN o.a.j.g.u.MenuFactory: Could not instantiate class: kg.apc.jmeter.reporters.LoadosophiaUploaderGui
java.lang.reflect.InvocationTargetException: null
	at sun.reflect.NativeConstructorAccessorImpl.newInstance0(Native Method) ~[?:1.8.0_221]
	at sun.reflect.NativeConstructorAccessorImpl.newInstance(NativeConstructorAccessorImpl.java:62) ~[?:1.8.0_221]
	at sun.reflect.DelegatingConstructorAccessorImpl.newInstance(DelegatingConstructorAccessorImpl.java:45) ~[?:1.8.0_221]
	at java.lang.reflect.Constructor.newInstance(Constructor.java:423) ~[?:1.8.0_221]
	at org.apache.jmeter.gui.util.MenuFactory.getGUIComponent(MenuFactory.java:174) ~[ApacheJMeter_core.jar:5.2]
	at org.apache.jmeter.gui.util.MenuFactory.initializeMenus(MenuFactory.java:141) ~[ApacheJMeter_core.jar:5.2]
	at org.apache.jmeter.gui.util.MenuFactory.<clinit>(MenuFactory.java:106) ~[ApacheJMeter_core.jar:5.2]
	at org.apache.jmeter.control.gui.TestPlanGui.createPopupMenu(TestPlanGui.java:92) ~[ApacheJMeter_core.jar:5.2]
	at org.apache.jmeter.gui.tree.JMeterTreeNode.createPopupMenu(JMeterTreeNode.java:185) ~[ApacheJMeter_core.jar:5.2]
	at org.apache.jmeter.gui.action.EditCommand.doAction(EditCommand.java:46) ~[ApacheJMeter_core.jar:5.2]
	at org.apache.jmeter.gui.action.ActionRouter.performAction(ActionRouter.java:88) ~[ApacheJMeter_core.jar:5.2]
	at org.apache.jmeter.gui.action.ActionRouter.lambda$actionPerformed$0(ActionRouter.java:70) ~[ApacheJMeter_core.jar:5.2]
	at java.awt.event.InvocationEvent.dispatch(InvocationEvent.java:311) [?:1.8.0_221]
	at java.awt.EventQueue.dispatchEventImpl(EventQueue.java:758) [?:1.8.0_221]
	at java.awt.EventQueue.access$500(EventQueue.java:97) [?:1.8.0_221]
	at java.awt.EventQueue$3.run(EventQueue.java:709) [?:1.8.0_221]
	at java.awt.EventQueue$3.run(EventQueue.java:703) [?:1.8.0_221]
	at java.security.AccessController.doPrivileged(Native Method) ~[?:1.8.0_221]
	at java.security.ProtectionDomain$JavaSecurityAccessImpl.doIntersectionPrivilege(ProtectionDomain.java:74) [?:1.8.0_221]
	at java.awt.EventQueue.dispatchEvent(EventQueue.java:728) [?:1.8.0_221]
	at java.awt.EventDispatchThread.pumpOneEventForFilters(EventDispatchThread.java:205) [?:1.8.0_221]
	at java.awt.EventDispatchThread.pumpEventsForFilter(EventDispatchThread.java:116) [?:1.8.0_221]
	at java.awt.EventDispatchThread.pumpEventsForHierarchy(EventDispatchThread.java:105) [?:1.8.0_221]
	at java.awt.EventDispatchThread.pumpEvents(EventDispatchThread.java:101) [?:1.8.0_221]
	at java.awt.EventDispatchThread.pumpEvents(EventDispatchThread.java:93) [?:1.8.0_221]
	at java.awt.EventDispatchThread.run(EventDispatchThread.java:82) [?:1.8.0_221]
Caused by: java.lang.NoClassDefFoundError: org/apache/commons/httpclient/methods/multipart/PartSource
	at kg.apc.jmeter.reporters.LoadosophiaUploaderGui.init(LoadosophiaUploaderGui.java:114) ~[JMeterPlugins-Standard.jar:?]
	at kg.apc.jmeter.reporters.LoadosophiaUploaderGui.<init>(LoadosophiaUploaderGui.java:28) ~[JMeterPlugins-Standard.jar:?]
	... 26 more
Caused by: java.lang.ClassNotFoundException: org.apache.commons.httpclient.methods.multipart.PartSource
	at java.net.URLClassLoader.findClass(URLClassLoader.java:382) ~[?:1.8.0_221]
	at java.lang.ClassLoader.loadClass(ClassLoader.java:424) ~[?:1.8.0_221]
	at java.lang.ClassLoader.loadClass(ClassLoader.java:357) ~[?:1.8.0_221]
	at kg.apc.jmeter.reporters.LoadosophiaUploaderGui.init(LoadosophiaUploaderGui.java:114) ~[JMeterPlugins-Standard.jar:?]
	at kg.apc.jmeter.reporters.LoadosophiaUploaderGui.<init>(LoadosophiaUploaderGui.java:28) ~[JMeterPlugins-Standard.jar:?]
	... 26 more
2019-11-06 16:29:05,648 INFO o.a.j.p.h.s.HTTPSamplerBase: Parser for text/html is org.apache.jmeter.protocol.http.parser.LagartoBasedHtmlParser
2019-11-06 16:29:05,648 INFO o.a.j.p.h.s.HTTPSamplerBase: Parser for application/xhtml+xml is org.apache.jmeter.protocol.http.parser.LagartoBasedHtmlParser
2019-11-06 16:29:05,649 INFO o.a.j.p.h.s.HTTPSamplerBase: Parser for application/xml is org.apache.jmeter.protocol.http.parser.LagartoBasedHtmlParser
2019-11-06 16:29:05,649 INFO o.a.j.p.h.s.HTTPSamplerBase: Parser for text/xml is org.apache.jmeter.protocol.http.parser.LagartoBasedHtmlParser
2019-11-06 16:29:05,649 INFO o.a.j.p.h.s.HTTPSamplerBase: Parser for text/vnd.wap.wml is org.apache.jmeter.protocol.http.parser.RegexpHTMLParser
2019-11-06 16:29:05,649 INFO o.a.j.p.h.s.HTTPSamplerBase: Parser for text/css is org.apache.jmeter.protocol.http.parser.CssParser
2019-11-06 16:29:06,007 INFO o.a.j.e.KeyToolUtils: keytool found at 'keytool'
2019-11-06 16:29:06,008 INFO o.a.j.p.h.p.ProxyControl: HTTP(S) Test Script Recorder SSL Proxy will use keys that support embedded 3rd party resources in file /usr/local/Cellar/jmeter/5.2/libexec/bin/proxyserver.jks
2019-11-06 16:29:06,178 INFO o.a.j.s.FileServer: Default base='/Users/chef/Desktop/microservices/simple-java-maven-app'
2019-11-06 16:29:06,465 INFO o.a.j.s.SampleResult: Note: Sample TimeStamps are START times
2019-11-06 16:29:06,465 INFO o.a.j.s.SampleResult: sampleresult.default.encoding is set to ISO-8859-1
2019-11-06 16:29:06,465 INFO o.a.j.s.SampleResult: sampleresult.useNanoTime=true
2019-11-06 16:29:06,465 INFO o.a.j.s.SampleResult: sampleresult.nanoThreadSleep=5000
2019-11-06 16:41:44,544 INFO o.a.j.s.FileServer: Set new base='/Users/chef/Desktop/microservices/simple-java-maven-app'
2019-11-06 16:41:44,763 INFO o.a.j.s.SaveService: Testplan (JMX) version: 2.2. Testlog (JTL) version: 2.2
2019-11-06 16:41:44,774 INFO o.a.j.s.SaveService: Using SaveService properties file encoding UTF-8
2019-11-06 16:41:44,776 INFO o.a.j.s.SaveService: Using SaveService properties version 5.0
2019-11-06 16:41:50,055 INFO o.a.j.e.StandardJMeterEngine: Running the test!
2019-11-06 16:41:50,064 INFO o.a.j.s.SampleEvent: List of sample_variables: []
2019-11-06 16:41:50,065 INFO o.a.j.s.SampleEvent: List of sample_variables: []
2019-11-06 16:41:50,073 INFO o.a.j.e.u.CompoundVariable: Note: Function class names must contain the string: '.functions.'
2019-11-06 16:41:50,073 INFO o.a.j.e.u.CompoundVariable: Note: Function class names must not contain the string: '.gui.'
2019-11-06 16:41:50,451 INFO o.a.j.g.u.JMeterMenuBar: setRunning(true, *local*)
2019-11-06 16:41:50,524 INFO o.a.j.e.StandardJMeterEngine: Starting ThreadGroup: 1 : Thread Group
2019-11-06 16:41:50,525 INFO o.a.j.e.StandardJMeterEngine: Starting 1 threads for group Thread Group.
2019-11-06 16:41:50,525 INFO o.a.j.e.StandardJMeterEngine: Thread will continue on error
2019-11-06 16:41:50,526 INFO o.a.j.t.ThreadGroup: Starting thread group... number=1 threads=1 ramp-up=1 delayedStart=false
2019-11-06 16:41:50,537 INFO o.a.j.t.ThreadGroup: Started thread group number 1
2019-11-06 16:41:50,537 INFO o.a.j.e.StandardJMeterEngine: All thread groups have been started
2019-11-06 16:41:50,539 INFO o.a.j.t.JMeterThread: Thread started: Thread Group 1-1
2019-11-06 16:41:50,609 INFO o.a.j.p.h.s.HTTPHCAbstractImpl: Local host = Chriss-MacBook-Pro.local
2019-11-06 16:41:50,619 INFO o.a.j.p.h.s.HTTPHC4Impl: HTTP request retry count = 0
2019-11-06 16:41:50,843 INFO o.a.j.p.h.s.h.LazyLayeredConnectionSocketFactory: Setting up HTTPS TrustAll Socket Factory
2019-11-06 16:41:50,849 INFO o.a.j.u.JsseSSLManager: Using default SSL protocol: TLS
2019-11-06 16:41:50,849 INFO o.a.j.u.JsseSSLManager: SSL session context: per-thread
2019-11-06 16:41:51,086 INFO o.a.j.u.SSLManager: JmeterKeyStore Location:  type JKS
2019-11-06 16:41:51,088 INFO o.a.j.u.SSLManager: KeyStore created OK
2019-11-06 16:41:51,088 WARN o.a.j.u.SSLManager: Keystore file not found, loading empty keystore
2019-11-06 16:41:51,546 INFO o.a.j.t.JMeterThread: Thread is done: Thread Group 1-1
2019-11-06 16:41:51,547 INFO o.a.j.t.JMeterThread: Thread finished: Thread Group 1-1
2019-11-06 16:41:51,550 INFO o.a.j.e.StandardJMeterEngine: Notifying test listeners of end of test
2019-11-06 16:41:51,550 INFO o.a.j.g.u.JMeterMenuBar: setRunning(false, *local*)
2019-11-06 16:45:38,783 INFO o.a.j.g.a.Load: Loading file: /Users/chef/Desktop/microservices/simple-java-maven-app/View Results in Table.jmx
2019-11-06 16:45:38,785 INFO o.a.j.s.FileServer: Set new base='/Users/chef/Desktop/microservices/simple-java-maven-app'
2019-11-06 16:45:38,785 INFO o.a.j.s.SaveService: Loading file: /Users/chef/Desktop/microservices/simple-java-maven-app/View Results in Table.jmx
2019-11-06 16:45:38,832 INFO o.a.j.s.FileServer: Set new base='/Users/chef/Desktop/microservices/simple-java-maven-app'
2019-11-06 16:45:45,796 INFO o.a.j.e.StandardJMeterEngine: Running the test!
2019-11-06 16:45:45,796 INFO o.a.j.s.SampleEvent: List of sample_variables: []
2019-11-06 16:45:45,799 INFO o.a.j.g.u.JMeterMenuBar: setRunning(true, *local*)
2019-11-06 16:45:46,049 INFO o.a.j.e.StandardJMeterEngine: Starting ThreadGroup: 1 : Thread Group
2019-11-06 16:45:46,049 INFO o.a.j.e.StandardJMeterEngine: Starting 1 threads for group Thread Group.
2019-11-06 16:45:46,049 INFO o.a.j.e.StandardJMeterEngine: Thread will continue on error
2019-11-06 16:45:46,049 INFO o.a.j.t.ThreadGroup: Starting thread group... number=1 threads=1 ramp-up=1 delayedStart=false
2019-11-06 16:45:46,050 INFO o.a.j.t.ThreadGroup: Started thread group number 1
2019-11-06 16:45:46,050 INFO o.a.j.e.StandardJMeterEngine: All thread groups have been started
2019-11-06 16:45:46,051 INFO o.a.j.t.JMeterThread: Thread started: Thread Group 1-1
2019-11-06 16:45:46,606 INFO o.a.j.t.JMeterThread: Thread is done: Thread Group 1-1
2019-11-06 16:45:46,607 INFO o.a.j.t.JMeterThread: Thread finished: Thread Group 1-1
2019-11-06 16:45:46,607 INFO o.a.j.e.StandardJMeterEngine: Notifying test listeners of end of test
2019-11-06 16:45:46,607 INFO o.a.j.g.u.JMeterMenuBar: setRunning(false, *local*)
2019-11-06 16:46:28,880 INFO o.a.j.s.FileServer: Set new base='/Users/chef/Desktop/microservices/simple-java-maven-app'
2019-11-06 16:46:31,447 INFO o.a.j.e.StandardJMeterEngine: Running the test!
2019-11-06 16:46:31,448 INFO o.a.j.s.SampleEvent: List of sample_variables: []
2019-11-06 16:46:31,457 INFO o.a.j.g.u.JMeterMenuBar: setRunning(true, *local*)
2019-11-06 16:46:31,647 INFO o.a.j.e.StandardJMeterEngine: Starting ThreadGroup: 1 : Thread Group
2019-11-06 16:46:31,647 INFO o.a.j.e.StandardJMeterEngine: Starting 1 threads for group Thread Group.
2019-11-06 16:46:31,647 INFO o.a.j.e.StandardJMeterEngine: Thread will continue on error
2019-11-06 16:46:31,647 INFO o.a.j.t.ThreadGroup: Starting thread group... number=1 threads=1 ramp-up=1 delayedStart=false
2019-11-06 16:46:31,651 INFO o.a.j.t.ThreadGroup: Started thread group number 1
2019-11-06 16:46:31,653 INFO o.a.j.e.StandardJMeterEngine: All thread groups have been started
2019-11-06 16:46:31,653 INFO o.a.j.t.JMeterThread: Thread started: Thread Group 1-1
2019-11-06 16:46:32,339 INFO o.a.j.t.JMeterThread: Thread is done: Thread Group 1-1
2019-11-06 16:46:32,339 INFO o.a.j.t.JMeterThread: Thread finished: Thread Group 1-1
2019-11-06 16:46:32,340 INFO o.a.j.e.StandardJMeterEngine: Notifying test listeners of end of test
2019-11-06 16:46:32,340 INFO o.a.j.g.u.JMeterMenuBar: setRunning(false, *local*)
2019-11-06 16:55:04,198 INFO o.a.j.s.FileServer: Set new base='/Users/chef/Desktop/microservices/simple-java-maven-app'
2019-11-06 16:55:04,211 INFO o.a.j.g.a.Load: Loading file: /Users/chef/Desktop/microservices/simple-java-maven-app/View Results in Table.jmx
2019-11-06 16:55:04,211 INFO o.a.j.s.FileServer: Set new base='/Users/chef/Desktop/microservices/simple-java-maven-app'
2019-11-06 16:55:04,211 INFO o.a.j.s.SaveService: Loading file: /Users/chef/Desktop/microservices/simple-java-maven-app/View Results in Table.jmx
2019-11-06 16:55:04,230 INFO o.a.j.s.FileServer: Set new base='/Users/chef/Desktop/microservices/simple-java-maven-app'
2019-11-06 17:47:13,431 INFO o.a.j.s.FileServer: Set new base='/usr/local/Cellar/jmeter/5.2'
2019-11-06 17:48:24,707 INFO o.a.j.e.StandardJMeterEngine: Running the test!
2019-11-06 17:48:24,711 INFO o.a.j.s.SampleEvent: List of sample_variables: []
2019-11-06 17:48:24,718 INFO o.a.j.g.u.JMeterMenuBar: setRunning(true, *local*)
2019-11-06 17:48:25,331 INFO o.a.j.e.StandardJMeterEngine: Starting ThreadGroup: 1 : Thread Group
2019-11-06 17:48:25,332 INFO o.a.j.e.StandardJMeterEngine: Starting 1 threads for group Thread Group.
2019-11-06 17:48:25,332 INFO o.a.j.e.StandardJMeterEngine: Thread will continue on error
2019-11-06 17:48:25,333 INFO o.a.j.t.ThreadGroup: Starting thread group... number=1 threads=1 ramp-up=1 delayedStart=false
2019-11-06 17:48:25,335 INFO o.a.j.t.ThreadGroup: Started thread group number 1
2019-11-06 17:48:25,341 INFO o.a.j.e.StandardJMeterEngine: All thread groups have been started
2019-11-06 17:48:25,341 INFO o.a.j.t.JMeterThread: Thread started: Thread Group 1-1
2019-11-06 17:48:25,349 INFO o.a.j.t.JMeterThread: Thread is done: Thread Group 1-1
2019-11-06 17:48:25,350 INFO o.a.j.t.JMeterThread: Thread finished: Thread Group 1-1
2019-11-06 17:48:25,350 INFO o.a.j.e.StandardJMeterEngine: Notifying test listeners of end of test
2019-11-06 17:48:25,350 INFO o.a.j.g.u.JMeterMenuBar: setRunning(false, *local*)
2019-11-06 17:48:39,654 INFO o.a.j.e.StandardJMeterEngine: Running the test!
2019-11-06 17:48:39,655 INFO o.a.j.s.SampleEvent: List of sample_variables: []
2019-11-06 17:48:39,658 INFO o.a.j.g.u.JMeterMenuBar: setRunning(true, *local*)
2019-11-06 17:48:39,803 INFO o.a.j.e.StandardJMeterEngine: Starting ThreadGroup: 1 : Thread Group
2019-11-06 17:48:39,803 INFO o.a.j.e.StandardJMeterEngine: Starting 1 threads for group Thread Group.
2019-11-06 17:48:39,803 INFO o.a.j.e.StandardJMeterEngine: Thread will continue on error
2019-11-06 17:48:39,803 INFO o.a.j.t.ThreadGroup: Starting thread group... number=1 threads=1 ramp-up=1 delayedStart=false
2019-11-06 17:48:39,805 INFO o.a.j.t.ThreadGroup: Started thread group number 1
2019-11-06 17:48:39,807 INFO o.a.j.e.StandardJMeterEngine: All thread groups have been started
2019-11-06 17:48:39,807 INFO o.a.j.t.JMeterThread: Thread started: Thread Group 1-1
2019-11-06 17:48:39,810 INFO o.a.j.t.JMeterThread: Thread is done: Thread Group 1-1
2019-11-06 17:48:39,810 INFO o.a.j.t.JMeterThread: Thread finished: Thread Group 1-1
2019-11-06 17:48:39,810 INFO o.a.j.e.StandardJMeterEngine: Notifying test listeners of end of test
2019-11-06 17:48:39,810 INFO o.a.j.g.u.JMeterMenuBar: setRunning(false, *local*)
2019-11-06 17:48:47,190 INFO o.a.j.e.StandardJMeterEngine: Running the test!
2019-11-06 17:48:47,191 INFO o.a.j.s.SampleEvent: List of sample_variables: []
2019-11-06 17:48:47,195 INFO o.a.j.g.u.JMeterMenuBar: setRunning(true, *local*)
2019-11-06 17:48:47,329 INFO o.a.j.e.StandardJMeterEngine: Starting ThreadGroup: 1 : Thread Group
2019-11-06 17:48:47,329 INFO o.a.j.e.StandardJMeterEngine: Starting 1 threads for group Thread Group.
2019-11-06 17:48:47,329 INFO o.a.j.e.StandardJMeterEngine: Thread will continue on error
2019-11-06 17:48:47,330 INFO o.a.j.t.ThreadGroup: Starting thread group... number=1 threads=1 ramp-up=1 delayedStart=false
2019-11-06 17:48:47,332 INFO o.a.j.t.ThreadGroup: Started thread group number 1
2019-11-06 17:48:47,334 INFO o.a.j.e.StandardJMeterEngine: All thread groups have been started
2019-11-06 17:48:47,335 INFO o.a.j.t.JMeterThread: Thread started: Thread Group 1-1
2019-11-06 17:48:47,339 INFO o.a.j.t.JMeterThread: Thread is done: Thread Group 1-1
2019-11-06 17:48:47,339 INFO o.a.j.t.JMeterThread: Thread finished: Thread Group 1-1
2019-11-06 17:48:47,341 INFO o.a.j.e.StandardJMeterEngine: Notifying test listeners of end of test
2019-11-06 17:48:47,342 INFO o.a.j.g.u.JMeterMenuBar: setRunning(false, *local*)
